  [1m[35m (11.9ms)[0m  [1m[35mCREATE TABLE "schema_migrations" ("version" character varying PRIMARY KEY)[0m
  [1m[35m (24.5ms)[0m  [1m[35mCREATE TABLE "ar_internal_metadata" ("key" character varying PRIMARY KEY, "value" character varying, "created_at" timestamp NOT NULL, "updated_at" timestamp NOT NULL)[0m
  [1m[35m (0.3ms)[0m  [1m[34mSELECT pg_try_advisory_lock(1202216907416120400);[0m
  [1m[36mActiveRecord::SchemaMigration Load (0.5ms)[0m  [1m[34mSELECT "schema_migrations".* FROM "schema_migrations"[0m
  [1m[36mActiveRecord::InternalMetadata Load (6.5ms)[0m  [1m[34mSELECT  "ar_internal_metadata".* FROM "ar_internal_metadata" WHERE "ar_internal_metadata"."key" = $1 LIMIT $2[0m  [["key", :environment], ["LIMIT", 1]]
  [1m[35m (6.3ms)[0m  [1m[35mBEGIN[0m
  [1m[35mSQL (26.4ms)[0m  [1m[32mINSERT INTO "ar_internal_metadata" ("key", "value", "created_at", "updated_at") VALUES ($1, $2, $3, $4) RETURNING "key"[0m  [["key", "environment"], ["value", "development"], ["created_at", 2016-09-21 03:39:08 UTC], ["updated_at", 2016-09-21 03:39:08 UTC]]
  [1m[35m (0.4ms)[0m  [1m[35mCOMMIT[0m
  [1m[35m (0.3ms)[0m  [1m[34mSELECT pg_advisory_unlock(1202216907416120400)[0m
  [1m[36mActiveRecord::SchemaMigration Load (0.2ms)[0m  [1m[34mSELECT "schema_migrations".* FROM "schema_migrations"[0m
  [1m[35m (0.4ms)[0m  [1m[34mSELECT pg_try_advisory_lock(1202216907416120400);[0m
  [1m[36mActiveRecord::SchemaMigration Load (0.3ms)[0m  [1m[34mSELECT "schema_migrations".* FROM "schema_migrations"[0m
Migrating to CreateUnits (20160921034017)
  [1m[35m (0.2ms)[0m  [1m[34mSELECT pg_advisory_unlock(1202216907416120400)[0m
  [1m[35m (0.1ms)[0m  [1m[34mSELECT pg_try_advisory_lock(1202216907416120400);[0m
  [1m[36mActiveRecord::SchemaMigration Load (0.3ms)[0m  [1m[34mSELECT "schema_migrations".* FROM "schema_migrations"[0m
Migrating to CreateUnits (20160921034017)
  [1m[35m (0.1ms)[0m  [1m[35mBEGIN[0m
  [1m[35m (33.0ms)[0m  [1m[35mCREATE TABLE "units" ("id" serial primary key, "name" character varying, "created_at" timestamp NOT NULL, "updated_at" timestamp NOT NULL)[0m
  [1m[35mSQL (6.8ms)[0m  [1m[32mINSERT INTO "schema_migrations" ("version") VALUES ($1) RETURNING "version"[0m  [["version", "20160921034017"]]
  [1m[35m (17.9ms)[0m  [1m[35mCOMMIT[0m
  [1m[36mActiveRecord::InternalMetadata Load (0.3ms)[0m  [1m[34mSELECT  "ar_internal_metadata".* FROM "ar_internal_metadata" WHERE "ar_internal_metadata"."key" = $1 LIMIT $2[0m  [["key", :environment], ["LIMIT", 1]]
  [1m[35m (0.1ms)[0m  [1m[35mBEGIN[0m
  [1m[35m (0.1ms)[0m  [1m[35mCOMMIT[0m
  [1m[35m (0.2ms)[0m  [1m[34mSELECT pg_advisory_unlock(1202216907416120400)[0m
  [1m[36mActiveRecord::SchemaMigration Load (0.2ms)[0m  [1m[34mSELECT "schema_migrations".* FROM "schema_migrations"[0m
  [1m[35m (2.2ms)[0m  [1m[34mSELECT t2.oid::regclass::text AS to_table, a1.attname AS column, a2.attname AS primary_key, c.conname AS name, c.confupdtype AS on_update, c.confdeltype AS on_delete
FROM pg_constraint c
JOIN pg_class t1 ON c.conrelid = t1.oid
JOIN pg_class t2 ON c.confrelid = t2.oid
JOIN pg_attribute a1 ON a1.attnum = c.conkey[1] AND a1.attrelid = t1.oid
JOIN pg_attribute a2 ON a2.attnum = c.confkey[1] AND a2.attrelid = t2.oid
JOIN pg_namespace t3 ON c.connamespace = t3.oid
WHERE c.contype = 'f'
  AND t1.relname = 'units'
  AND t3.nspname = ANY (current_schemas(false))
ORDER BY c.conname
[0m
  [1m[35m (0.1ms)[0m  [1m[34mSELECT pg_try_advisory_lock(1202216907416120400);[0m
  [1m[36mActiveRecord::SchemaMigration Load (0.4ms)[0m  [1m[34mSELECT "schema_migrations".* FROM "schema_migrations"[0m
Migrating to CreateRenters (20160921035410)
  [1m[35m (0.1ms)[0m  [1m[35mBEGIN[0m
  [1m[35m (27.3ms)[0m  [1m[35mCREATE TABLE "renters" ("id" serial primary key, "first_name" character varying, "last_name" character varying, "created_at" timestamp NOT NULL, "updated_at" timestamp NOT NULL)[0m
  [1m[35mSQL (0.3ms)[0m  [1m[32mINSERT INTO "schema_migrations" ("version") VALUES ($1) RETURNING "version"[0m  [["version", "20160921035410"]]
  [1m[35m (0.8ms)[0m  [1m[35mCOMMIT[0m
  [1m[36mActiveRecord::InternalMetadata Load (0.3ms)[0m  [1m[34mSELECT  "ar_internal_metadata".* FROM "ar_internal_metadata" WHERE "ar_internal_metadata"."key" = $1 LIMIT $2[0m  [["key", :environment], ["LIMIT", 1]]
  [1m[35m (0.2ms)[0m  [1m[35mBEGIN[0m
  [1m[35m (0.1ms)[0m  [1m[35mCOMMIT[0m
  [1m[35m (0.2ms)[0m  [1m[34mSELECT pg_advisory_unlock(1202216907416120400)[0m
  [1m[36mActiveRecord::SchemaMigration Load (0.1ms)[0m  [1m[34mSELECT "schema_migrations".* FROM "schema_migrations"[0m
  [1m[35m (2.2ms)[0m  [1m[34mSELECT t2.oid::regclass::text AS to_table, a1.attname AS column, a2.attname AS primary_key, c.conname AS name, c.confupdtype AS on_update, c.confdeltype AS on_delete
FROM pg_constraint c
JOIN pg_class t1 ON c.conrelid = t1.oid
JOIN pg_class t2 ON c.confrelid = t2.oid
JOIN pg_attribute a1 ON a1.attnum = c.conkey[1] AND a1.attrelid = t1.oid
JOIN pg_attribute a2 ON a2.attnum = c.confkey[1] AND a2.attrelid = t2.oid
JOIN pg_namespace t3 ON c.connamespace = t3.oid
WHERE c.contype = 'f'
  AND t1.relname = 'renters'
  AND t3.nspname = ANY (current_schemas(false))
ORDER BY c.conname
[0m
  [1m[35m (1.7ms)[0m  [1m[34mSELECT t2.oid::regclass::text AS to_table, a1.attname AS column, a2.attname AS primary_key, c.conname AS name, c.confupdtype AS on_update, c.confdeltype AS on_delete
FROM pg_constraint c
JOIN pg_class t1 ON c.conrelid = t1.oid
JOIN pg_class t2 ON c.confrelid = t2.oid
JOIN pg_attribute a1 ON a1.attnum = c.conkey[1] AND a1.attrelid = t1.oid
JOIN pg_attribute a2 ON a2.attnum = c.confkey[1] AND a2.attrelid = t2.oid
JOIN pg_namespace t3 ON c.connamespace = t3.oid
WHERE c.contype = 'f'
  AND t1.relname = 'units'
  AND t3.nspname = ANY (current_schemas(false))
ORDER BY c.conname
[0m
  [1m[35m (0.1ms)[0m  [1m[34mSELECT pg_try_advisory_lock(1202216907416120400);[0m
  [1m[36mActiveRecord::SchemaMigration Load (0.6ms)[0m  [1m[34mSELECT "schema_migrations".* FROM "schema_migrations"[0m
Migrating to AddRenterToUnits (20160921035635)
  [1m[35m (0.1ms)[0m  [1m[35mBEGIN[0m
  [1m[35m (24.9ms)[0m  [1m[35mALTER TABLE "units" ADD "renter_id" integer[0m
  [1m[35m (3.5ms)[0m  [1m[35mCREATE  INDEX  "index_units_on_renter_id" ON "units"  ("renter_id")[0m
  [1m[35m (6.8ms)[0m  [1m[35mALTER TABLE "units" ADD CONSTRAINT "fk_rails_74258f6c4d"
FOREIGN KEY ("renter_id")
  REFERENCES "renters" ("id")
[0m
  [1m[35mSQL (0.4ms)[0m  [1m[32mINSERT INTO "schema_migrations" ("version") VALUES ($1) RETURNING "version"[0m  [["version", "20160921035635"]]
  [1m[35m (6.4ms)[0m  [1m[35mCOMMIT[0m
  [1m[36mActiveRecord::InternalMetadata Load (0.3ms)[0m  [1m[34mSELECT  "ar_internal_metadata".* FROM "ar_internal_metadata" WHERE "ar_internal_metadata"."key" = $1 LIMIT $2[0m  [["key", :environment], ["LIMIT", 1]]
  [1m[35m (0.2ms)[0m  [1m[35mBEGIN[0m
  [1m[35m (0.1ms)[0m  [1m[35mCOMMIT[0m
  [1m[35m (0.2ms)[0m  [1m[34mSELECT pg_advisory_unlock(1202216907416120400)[0m
  [1m[36mActiveRecord::SchemaMigration Load (0.1ms)[0m  [1m[34mSELECT "schema_migrations".* FROM "schema_migrations"[0m
  [1m[35m (2.6ms)[0m  [1m[34mSELECT t2.oid::regclass::text AS to_table, a1.attname AS column, a2.attname AS primary_key, c.conname AS name, c.confupdtype AS on_update, c.confdeltype AS on_delete
FROM pg_constraint c
JOIN pg_class t1 ON c.conrelid = t1.oid
JOIN pg_class t2 ON c.confrelid = t2.oid
JOIN pg_attribute a1 ON a1.attnum = c.conkey[1] AND a1.attrelid = t1.oid
JOIN pg_attribute a2 ON a2.attnum = c.confkey[1] AND a2.attrelid = t2.oid
JOIN pg_namespace t3 ON c.connamespace = t3.oid
WHERE c.contype = 'f'
  AND t1.relname = 'renters'
  AND t3.nspname = ANY (current_schemas(false))
ORDER BY c.conname
[0m
  [1m[35m (3.5ms)[0m  [1m[34mSELECT t2.oid::regclass::text AS to_table, a1.attname AS column, a2.attname AS primary_key, c.conname AS name, c.confupdtype AS on_update, c.confdeltype AS on_delete
FROM pg_constraint c
JOIN pg_class t1 ON c.conrelid = t1.oid
JOIN pg_class t2 ON c.confrelid = t2.oid
JOIN pg_attribute a1 ON a1.attnum = c.conkey[1] AND a1.attrelid = t1.oid
JOIN pg_attribute a2 ON a2.attnum = c.confkey[1] AND a2.attrelid = t2.oid
JOIN pg_namespace t3 ON c.connamespace = t3.oid
WHERE c.contype = 'f'
  AND t1.relname = 'units'
  AND t3.nspname = ANY (current_schemas(false))
ORDER BY c.conname
[0m
  [1m[36mActiveRecord::SchemaMigration Load (0.4ms)[0m  [1m[34mSELECT "schema_migrations".* FROM "schema_migrations"[0m
  [1m[35m (0.1ms)[0m  [1m[34mSELECT pg_try_advisory_lock(1202216907416120400);[0m
  [1m[36mActiveRecord::SchemaMigration Load (0.1ms)[0m  [1m[34mSELECT "schema_migrations".* FROM "schema_migrations"[0m
Migrating to AddRenterToUnits (20160921035635)
  [1m[35m (0.1ms)[0m  [1m[35mBEGIN[0m
  [1m[35m (2.3ms)[0m  [1m[34mSELECT t2.oid::regclass::text AS to_table, a1.attname AS column, a2.attname AS primary_key, c.conname AS name, c.confupdtype AS on_update, c.confdeltype AS on_delete
FROM pg_constraint c
JOIN pg_class t1 ON c.conrelid = t1.oid
JOIN pg_class t2 ON c.confrelid = t2.oid
JOIN pg_attribute a1 ON a1.attnum = c.conkey[1] AND a1.attrelid = t1.oid
JOIN pg_attribute a2 ON a2.attnum = c.confkey[1] AND a2.attrelid = t2.oid
JOIN pg_namespace t3 ON c.connamespace = t3.oid
WHERE c.contype = 'f'
  AND t1.relname = 'units'
  AND t3.nspname = ANY (current_schemas(false))
ORDER BY c.conname
[0m
  [1m[35m (25.6ms)[0m  [1m[35mALTER TABLE "units" DROP CONSTRAINT "fk_rails_74258f6c4d"[0m
  [1m[35m (0.7ms)[0m  [1m[35mALTER TABLE "units" DROP "renter_id"[0m
  [1m[35mSQL (1.0ms)[0m  [1m[31mDELETE FROM "schema_migrations" WHERE "schema_migrations"."version" = $1[0m  [["version", "20160921035635"]]
  [1m[35m (1.2ms)[0m  [1m[35mCOMMIT[0m
  [1m[35m (0.2ms)[0m  [1m[34mSELECT pg_advisory_unlock(1202216907416120400)[0m
  [1m[36mActiveRecord::SchemaMigration Load (0.1ms)[0m  [1m[34mSELECT "schema_migrations".* FROM "schema_migrations"[0m
  [1m[35m (2.7ms)[0m  [1m[34mSELECT t2.oid::regclass::text AS to_table, a1.attname AS column, a2.attname AS primary_key, c.conname AS name, c.confupdtype AS on_update, c.confdeltype AS on_delete
FROM pg_constraint c
JOIN pg_class t1 ON c.conrelid = t1.oid
JOIN pg_class t2 ON c.confrelid = t2.oid
JOIN pg_attribute a1 ON a1.attnum = c.conkey[1] AND a1.attrelid = t1.oid
JOIN pg_attribute a2 ON a2.attnum = c.confkey[1] AND a2.attrelid = t2.oid
JOIN pg_namespace t3 ON c.connamespace = t3.oid
WHERE c.contype = 'f'
  AND t1.relname = 'renters'
  AND t3.nspname = ANY (current_schemas(false))
ORDER BY c.conname
[0m
  [1m[35m (2.7ms)[0m  [1m[34mSELECT t2.oid::regclass::text AS to_table, a1.attname AS column, a2.attname AS primary_key, c.conname AS name, c.confupdtype AS on_update, c.confdeltype AS on_delete
FROM pg_constraint c
JOIN pg_class t1 ON c.conrelid = t1.oid
JOIN pg_class t2 ON c.confrelid = t2.oid
JOIN pg_attribute a1 ON a1.attnum = c.conkey[1] AND a1.attrelid = t1.oid
JOIN pg_attribute a2 ON a2.attnum = c.confkey[1] AND a2.attrelid = t2.oid
JOIN pg_namespace t3 ON c.connamespace = t3.oid
WHERE c.contype = 'f'
  AND t1.relname = 'units'
  AND t3.nspname = ANY (current_schemas(false))
ORDER BY c.conname
[0m
  [1m[35m (0.1ms)[0m  [1m[34mSELECT pg_try_advisory_lock(1202216907416120400);[0m
  [1m[36mActiveRecord::SchemaMigration Load (0.6ms)[0m  [1m[34mSELECT "schema_migrations".* FROM "schema_migrations"[0m
Migrating to AddUnitToRenter (20160921040825)
  [1m[35m (0.2ms)[0m  [1m[35mBEGIN[0m
  [1m[35m (0.5ms)[0m  [1m[35mALTER TABLE "renters" ADD "unit_id" integer[0m
  [1m[35m (3.1ms)[0m  [1m[35mCREATE  INDEX  "index_renters_on_unit_id" ON "renters"  ("unit_id")[0m
  [1m[35m (1.6ms)[0m  [1m[35mALTER TABLE "renters" ADD CONSTRAINT "fk_rails_fa584f0808"
FOREIGN KEY ("unit_id")
  REFERENCES "units" ("id")
[0m
  [1m[35mSQL (0.4ms)[0m  [1m[32mINSERT INTO "schema_migrations" ("version") VALUES ($1) RETURNING "version"[0m  [["version", "20160921040825"]]
  [1m[35m (0.6ms)[0m  [1m[35mCOMMIT[0m
  [1m[36mActiveRecord::InternalMetadata Load (0.3ms)[0m  [1m[34mSELECT  "ar_internal_metadata".* FROM "ar_internal_metadata" WHERE "ar_internal_metadata"."key" = $1 LIMIT $2[0m  [["key", :environment], ["LIMIT", 1]]
  [1m[35m (0.1ms)[0m  [1m[35mBEGIN[0m
  [1m[35m (0.1ms)[0m  [1m[35mCOMMIT[0m
  [1m[35m (0.2ms)[0m  [1m[34mSELECT pg_advisory_unlock(1202216907416120400)[0m
  [1m[36mActiveRecord::SchemaMigration Load (0.1ms)[0m  [1m[34mSELECT "schema_migrations".* FROM "schema_migrations"[0m
  [1m[35m (3.4ms)[0m  [1m[34mSELECT t2.oid::regclass::text AS to_table, a1.attname AS column, a2.attname AS primary_key, c.conname AS name, c.confupdtype AS on_update, c.confdeltype AS on_delete
FROM pg_constraint c
JOIN pg_class t1 ON c.conrelid = t1.oid
JOIN pg_class t2 ON c.confrelid = t2.oid
JOIN pg_attribute a1 ON a1.attnum = c.conkey[1] AND a1.attrelid = t1.oid
JOIN pg_attribute a2 ON a2.attnum = c.confkey[1] AND a2.attrelid = t2.oid
JOIN pg_namespace t3 ON c.connamespace = t3.oid
WHERE c.contype = 'f'
  AND t1.relname = 'renters'
  AND t3.nspname = ANY (current_schemas(false))
ORDER BY c.conname
[0m
  [1m[35m (1.5ms)[0m  [1m[34mSELECT t2.oid::regclass::text AS to_table, a1.attname AS column, a2.attname AS primary_key, c.conname AS name, c.confupdtype AS on_update, c.confdeltype AS on_delete
FROM pg_constraint c
JOIN pg_class t1 ON c.conrelid = t1.oid
JOIN pg_class t2 ON c.confrelid = t2.oid
JOIN pg_attribute a1 ON a1.attnum = c.conkey[1] AND a1.attrelid = t1.oid
JOIN pg_attribute a2 ON a2.attnum = c.confkey[1] AND a2.attrelid = t2.oid
JOIN pg_namespace t3 ON c.connamespace = t3.oid
WHERE c.contype = 'f'
  AND t1.relname = 'units'
  AND t3.nspname = ANY (current_schemas(false))
ORDER BY c.conname
[0m
  [1m[35m (0.2ms)[0m  [1m[34mSELECT pg_try_advisory_lock(1202216907416120400);[0m
  [1m[36mActiveRecord::SchemaMigration Load (0.4ms)[0m  [1m[34mSELECT "schema_migrations".* FROM "schema_migrations"[0m
Migrating to CreateOwners (20160921042201)
  [1m[35m (0.1ms)[0m  [1m[35mBEGIN[0m
  [1m[35m (29.7ms)[0m  [1m[35mCREATE TABLE "owners" ("id" serial primary key, "first_name" character varying, "last_name" character varying, "created_at" timestamp NOT NULL, "updated_at" timestamp NOT NULL)[0m
  [1m[35mSQL (1.5ms)[0m  [1m[32mINSERT INTO "schema_migrations" ("version") VALUES ($1) RETURNING "version"[0m  [["version", "20160921042201"]]
  [1m[35m (1.7ms)[0m  [1m[35mCOMMIT[0m
  [1m[36mActiveRecord::InternalMetadata Load (0.2ms)[0m  [1m[34mSELECT  "ar_internal_metadata".* FROM "ar_internal_metadata" WHERE "ar_internal_metadata"."key" = $1 LIMIT $2[0m  [["key", :environment], ["LIMIT", 1]]
  [1m[35m (0.1ms)[0m  [1m[35mBEGIN[0m
  [1m[35m (0.1ms)[0m  [1m[35mCOMMIT[0m
  [1m[35m (0.2ms)[0m  [1m[34mSELECT pg_advisory_unlock(1202216907416120400)[0m
  [1m[36mActiveRecord::SchemaMigration Load (0.2ms)[0m  [1m[34mSELECT "schema_migrations".* FROM "schema_migrations"[0m
  [1m[35m (2.3ms)[0m  [1m[34mSELECT t2.oid::regclass::text AS to_table, a1.attname AS column, a2.attname AS primary_key, c.conname AS name, c.confupdtype AS on_update, c.confdeltype AS on_delete
FROM pg_constraint c
JOIN pg_class t1 ON c.conrelid = t1.oid
JOIN pg_class t2 ON c.confrelid = t2.oid
JOIN pg_attribute a1 ON a1.attnum = c.conkey[1] AND a1.attrelid = t1.oid
JOIN pg_attribute a2 ON a2.attnum = c.confkey[1] AND a2.attrelid = t2.oid
JOIN pg_namespace t3 ON c.connamespace = t3.oid
WHERE c.contype = 'f'
  AND t1.relname = 'owners'
  AND t3.nspname = ANY (current_schemas(false))
ORDER BY c.conname
[0m
  [1m[35m (4.6ms)[0m  [1m[34mSELECT t2.oid::regclass::text AS to_table, a1.attname AS column, a2.attname AS primary_key, c.conname AS name, c.confupdtype AS on_update, c.confdeltype AS on_delete
FROM pg_constraint c
JOIN pg_class t1 ON c.conrelid = t1.oid
JOIN pg_class t2 ON c.confrelid = t2.oid
JOIN pg_attribute a1 ON a1.attnum = c.conkey[1] AND a1.attrelid = t1.oid
JOIN pg_attribute a2 ON a2.attnum = c.confkey[1] AND a2.attrelid = t2.oid
JOIN pg_namespace t3 ON c.connamespace = t3.oid
WHERE c.contype = 'f'
  AND t1.relname = 'renters'
  AND t3.nspname = ANY (current_schemas(false))
ORDER BY c.conname
[0m
  [1m[35m (1.6ms)[0m  [1m[34mSELECT t2.oid::regclass::text AS to_table, a1.attname AS column, a2.attname AS primary_key, c.conname AS name, c.confupdtype AS on_update, c.confdeltype AS on_delete
FROM pg_constraint c
JOIN pg_class t1 ON c.conrelid = t1.oid
JOIN pg_class t2 ON c.confrelid = t2.oid
JOIN pg_attribute a1 ON a1.attnum = c.conkey[1] AND a1.attrelid = t1.oid
JOIN pg_attribute a2 ON a2.attnum = c.confkey[1] AND a2.attrelid = t2.oid
JOIN pg_namespace t3 ON c.connamespace = t3.oid
WHERE c.contype = 'f'
  AND t1.relname = 'units'
  AND t3.nspname = ANY (current_schemas(false))
ORDER BY c.conname
[0m
  [1m[35m (0.1ms)[0m  [1m[34mSELECT pg_try_advisory_lock(1202216907416120400);[0m
  [1m[36mActiveRecord::SchemaMigration Load (0.4ms)[0m  [1m[34mSELECT "schema_migrations".* FROM "schema_migrations"[0m
Migrating to AddOwnerToUnit (20160921042331)
  [1m[35m (0.1ms)[0m  [1m[35mBEGIN[0m
  [1m[35m (6.6ms)[0m  [1m[35mALTER TABLE "units" ADD "owner_id" integer[0m
  [1m[35m (13.3ms)[0m  [1m[35mCREATE  INDEX  "index_units_on_owner_id" ON "units"  ("owner_id")[0m
  [1m[35m (2.5ms)[0m  [1m[35mALTER TABLE "units" ADD CONSTRAINT "fk_rails_53e6dbc0ba"
FOREIGN KEY ("owner_id")
  REFERENCES "owners" ("id")
[0m
  [1m[35mSQL (0.4ms)[0m  [1m[32mINSERT INTO "schema_migrations" ("version") VALUES ($1) RETURNING "version"[0m  [["version", "20160921042331"]]
  [1m[35m (0.6ms)[0m  [1m[35mCOMMIT[0m
  [1m[36mActiveRecord::InternalMetadata Load (0.3ms)[0m  [1m[34mSELECT  "ar_internal_metadata".* FROM "ar_internal_metadata" WHERE "ar_internal_metadata"."key" = $1 LIMIT $2[0m  [["key", :environment], ["LIMIT", 1]]
  [1m[35m (0.1ms)[0m  [1m[35mBEGIN[0m
  [1m[35m (0.1ms)[0m  [1m[35mCOMMIT[0m
  [1m[35m (0.2ms)[0m  [1m[34mSELECT pg_advisory_unlock(1202216907416120400)[0m
  [1m[36mActiveRecord::SchemaMigration Load (0.1ms)[0m  [1m[34mSELECT "schema_migrations".* FROM "schema_migrations"[0m
  [1m[35m (5.8ms)[0m  [1m[34mSELECT t2.oid::regclass::text AS to_table, a1.attname AS column, a2.attname AS primary_key, c.conname AS name, c.confupdtype AS on_update, c.confdeltype AS on_delete
FROM pg_constraint c
JOIN pg_class t1 ON c.conrelid = t1.oid
JOIN pg_class t2 ON c.confrelid = t2.oid
JOIN pg_attribute a1 ON a1.attnum = c.conkey[1] AND a1.attrelid = t1.oid
JOIN pg_attribute a2 ON a2.attnum = c.confkey[1] AND a2.attrelid = t2.oid
JOIN pg_namespace t3 ON c.connamespace = t3.oid
WHERE c.contype = 'f'
  AND t1.relname = 'owners'
  AND t3.nspname = ANY (current_schemas(false))
ORDER BY c.conname
[0m
  [1m[35m (2.4ms)[0m  [1m[34mSELECT t2.oid::regclass::text AS to_table, a1.attname AS column, a2.attname AS primary_key, c.conname AS name, c.confupdtype AS on_update, c.confdeltype AS on_delete
FROM pg_constraint c
JOIN pg_class t1 ON c.conrelid = t1.oid
JOIN pg_class t2 ON c.confrelid = t2.oid
JOIN pg_attribute a1 ON a1.attnum = c.conkey[1] AND a1.attrelid = t1.oid
JOIN pg_attribute a2 ON a2.attnum = c.confkey[1] AND a2.attrelid = t2.oid
JOIN pg_namespace t3 ON c.connamespace = t3.oid
WHERE c.contype = 'f'
  AND t1.relname = 'renters'
  AND t3.nspname = ANY (current_schemas(false))
ORDER BY c.conname
[0m
  [1m[35m (2.5ms)[0m  [1m[34mSELECT t2.oid::regclass::text AS to_table, a1.attname AS column, a2.attname AS primary_key, c.conname AS name, c.confupdtype AS on_update, c.confdeltype AS on_delete
FROM pg_constraint c
JOIN pg_class t1 ON c.conrelid = t1.oid
JOIN pg_class t2 ON c.confrelid = t2.oid
JOIN pg_attribute a1 ON a1.attnum = c.conkey[1] AND a1.attrelid = t1.oid
JOIN pg_attribute a2 ON a2.attnum = c.confkey[1] AND a2.attrelid = t2.oid
JOIN pg_namespace t3 ON c.connamespace = t3.oid
WHERE c.contype = 'f'
  AND t1.relname = 'units'
  AND t3.nspname = ANY (current_schemas(false))
ORDER BY c.conname
[0m
Started GET "/renters" for 127.0.0.1 at 2016-09-20 22:43:41 -0600
  [1m[36mActiveRecord::SchemaMigration Load (0.5ms)[0m  [1m[34mSELECT "schema_migrations".* FROM "schema_migrations"[0m
Processing by RentersController#index as HTML
  Rendering renters/index.html.erb within layouts/application
  [1m[36mRenter Load (6.6ms)[0m  [1m[34mSELECT "renters".* FROM "renters"[0m
  Rendered renters/index.html.erb within layouts/application (11.0ms)
Completed 200 OK in 412ms (Views: 397.1ms | ActiveRecord: 7.8ms)


Started GET "/owners" for 127.0.0.1 at 2016-09-20 22:43:46 -0600
Processing by OwnersController#index as HTML
  Rendering owners/index.html.erb within layouts/application
  [1m[36mOwner Load (0.8ms)[0m  [1m[34mSELECT "owners".* FROM "owners"[0m
  Rendered owners/index.html.erb within layouts/application (5.3ms)
Completed 200 OK in 36ms (Views: 23.9ms | ActiveRecord: 2.7ms)


Started GET "/units" for 127.0.0.1 at 2016-09-20 22:43:49 -0600
Processing by UnitsController#index as HTML
  Rendering units/index.html.erb within layouts/application
  [1m[36mUnit Load (7.2ms)[0m  [1m[34mSELECT "units".* FROM "units"[0m
  Rendered units/index.html.erb within layouts/application (10.2ms)
Completed 200 OK in 38ms (Views: 23.2ms | ActiveRecord: 8.0ms)


Started GET "/" for ::1 at 2017-01-14 16:31:54 -0700
  
PG::ConnectionBad (could not connect to server: No such file or directory
	Is the server running locally and accepting
	connections on Unix domain socket "/tmp/.s.PGSQL.5432"?
):
  
activerecord (5.0.0.1) lib/active_record/connection_adapters/postgresql_adapter.rb:671:in `initialize'
activerecord (5.0.0.1) lib/active_record/connection_adapters/postgresql_adapter.rb:671:in `new'
activerecord (5.0.0.1) lib/active_record/connection_adapters/postgresql_adapter.rb:671:in `connect'
activerecord (5.0.0.1) lib/active_record/connection_adapters/postgresql_adapter.rb:217:in `initialize'
activerecord (5.0.0.1) lib/active_record/connection_adapters/postgresql_adapter.rb:37:in `new'
activerecord (5.0.0.1) lib/active_record/connection_adapters/postgresql_adapter.rb:37:in `postgresql_connection'
activerecord (5.0.0.1) lib/active_record/connection_adapters/abstract/connection_pool.rb:721:in `new_connection'
activerecord (5.0.0.1) lib/active_record/connection_adapters/abstract/connection_pool.rb:765:in `checkout_new_connection'
activerecord (5.0.0.1) lib/active_record/connection_adapters/abstract/connection_pool.rb:744:in `try_to_checkout_new_connection'
activerecord (5.0.0.1) lib/active_record/connection_adapters/abstract/connection_pool.rb:705:in `acquire_connection'
activerecord (5.0.0.1) lib/active_record/connection_adapters/abstract/connection_pool.rb:501:in `checkout'
activerecord (5.0.0.1) lib/active_record/connection_adapters/abstract/connection_pool.rb:364:in `connection'
activerecord (5.0.0.1) lib/active_record/connection_adapters/abstract/connection_pool.rb:875:in `retrieve_connection'
activerecord (5.0.0.1) lib/active_record/connection_handling.rb:128:in `retrieve_connection'
activerecord (5.0.0.1) lib/active_record/connection_handling.rb:91:in `connection'
activerecord (5.0.0.1) lib/active_record/migration.rb:558:in `connection'
activerecord (5.0.0.1) lib/active_record/migration.rb:545:in `call'
actionpack (5.0.0.1) lib/action_dispatch/middleware/callbacks.rb:38:in `block in call'
activesupport (5.0.0.1) lib/active_support/callbacks.rb:97:in `__run_callbacks__'
activesupport (5.0.0.1) lib/active_support/callbacks.rb:750:in `_run_call_callbacks'
activesupport (5.0.0.1) lib/active_support/callbacks.rb:90:in `run_callbacks'
actionpack (5.0.0.1) lib/action_dispatch/middleware/callbacks.rb:36:in `call'
actionpack (5.0.0.1) lib/action_dispatch/middleware/executor.rb:12:in `call'
actionpack (5.0.0.1) lib/action_dispatch/middleware/remote_ip.rb:79:in `call'
actionpack (5.0.0.1) lib/action_dispatch/middleware/debug_exceptions.rb:49:in `call'
web-console (3.3.1) lib/web_console/middleware.rb:131:in `call_app'
web-console (3.3.1) lib/web_console/middleware.rb:28:in `block in call'
web-console (3.3.1) lib/web_console/middleware.rb:18:in `catch'
web-console (3.3.1) lib/web_console/middleware.rb:18:in `call'
actionpack (5.0.0.1) lib/action_dispatch/middleware/show_exceptions.rb:31:in `call'
railties (5.0.0.1) lib/rails/rack/logger.rb:36:in `call_app'
railties (5.0.0.1) lib/rails/rack/logger.rb:24:in `block in call'
activesupport (5.0.0.1) lib/active_support/tagged_logging.rb:70:in `block in tagged'
activesupport (5.0.0.1) lib/active_support/tagged_logging.rb:26:in `tagged'
activesupport (5.0.0.1) lib/active_support/tagged_logging.rb:70:in `tagged'
railties (5.0.0.1) lib/rails/rack/logger.rb:24:in `call'
sprockets-rails (3.2.0) lib/sprockets/rails/quiet_assets.rb:13:in `call'
actionpack (5.0.0.1) lib/action_dispatch/middleware/request_id.rb:24:in `call'
rack (2.0.1) lib/rack/method_override.rb:22:in `call'
rack (2.0.1) lib/rack/runtime.rb:22:in `call'
activesupport (5.0.0.1) lib/active_support/cache/strategy/local_cache_middleware.rb:28:in `call'
actionpack (5.0.0.1) lib/action_dispatch/middleware/executor.rb:12:in `call'
actionpack (5.0.0.1) lib/action_dispatch/middleware/static.rb:136:in `call'
rack (2.0.1) lib/rack/sendfile.rb:111:in `call'
railties (5.0.0.1) lib/rails/engine.rb:522:in `call'
puma (3.6.0) lib/puma/configuration.rb:225:in `call'
puma (3.6.0) lib/puma/server.rb:578:in `handle_request'
puma (3.6.0) lib/puma/server.rb:415:in `process_client'
puma (3.6.0) lib/puma/server.rb:275:in `block in run'
puma (3.6.0) lib/puma/thread_pool.rb:116:in `block in spawn_thread'
  Rendering /Users/cews7/.rvm/gems/ruby-2.3.0/gems/actionpack-5.0.0.1/lib/action_dispatch/middleware/templates/rescues/diagnostics.html.erb within rescues/layout
  Rendering /Users/cews7/.rvm/gems/ruby-2.3.0/gems/actionpack-5.0.0.1/lib/action_dispatch/middleware/templates/rescues/_source.html.erb
  Rendered /Users/cews7/.rvm/gems/ruby-2.3.0/gems/actionpack-5.0.0.1/lib/action_dispatch/middleware/templates/rescues/_source.html.erb (3.1ms)
  Rendering /Users/cews7/.rvm/gems/ruby-2.3.0/gems/actionpack-5.0.0.1/lib/action_dispatch/middleware/templates/rescues/_trace.html.erb
  Rendered /Users/cews7/.rvm/gems/ruby-2.3.0/gems/actionpack-5.0.0.1/lib/action_dispatch/middleware/templates/rescues/_trace.html.erb (2.1ms)
  Rendering /Users/cews7/.rvm/gems/ruby-2.3.0/gems/actionpack-5.0.0.1/lib/action_dispatch/middleware/templates/rescues/_request_and_response.html.erb
  Rendered /Users/cews7/.rvm/gems/ruby-2.3.0/gems/actionpack-5.0.0.1/lib/action_dispatch/middleware/templates/rescues/_request_and_response.html.erb (0.8ms)
  Rendered /Users/cews7/.rvm/gems/ruby-2.3.0/gems/actionpack-5.0.0.1/lib/action_dispatch/middleware/templates/rescues/diagnostics.html.erb within rescues/layout (111.0ms)
Started GET "/units" for ::1 at 2017-01-14 16:32:39 -0700
  
ActiveRecord::NoDatabaseError (FATAL:  database "city_apts_development" does not exist
):
  
activerecord (5.0.0.1) lib/active_record/connection_adapters/postgresql_adapter.rb:675:in `rescue in connect'
activerecord (5.0.0.1) lib/active_record/connection_adapters/postgresql_adapter.rb:671:in `connect'
activerecord (5.0.0.1) lib/active_record/connection_adapters/postgresql_adapter.rb:217:in `initialize'
activerecord (5.0.0.1) lib/active_record/connection_adapters/postgresql_adapter.rb:37:in `new'
activerecord (5.0.0.1) lib/active_record/connection_adapters/postgresql_adapter.rb:37:in `postgresql_connection'
activerecord (5.0.0.1) lib/active_record/connection_adapters/abstract/connection_pool.rb:721:in `new_connection'
activerecord (5.0.0.1) lib/active_record/connection_adapters/abstract/connection_pool.rb:765:in `checkout_new_connection'
activerecord (5.0.0.1) lib/active_record/connection_adapters/abstract/connection_pool.rb:744:in `try_to_checkout_new_connection'
activerecord (5.0.0.1) lib/active_record/connection_adapters/abstract/connection_pool.rb:705:in `acquire_connection'
activerecord (5.0.0.1) lib/active_record/connection_adapters/abstract/connection_pool.rb:501:in `checkout'
activerecord (5.0.0.1) lib/active_record/connection_adapters/abstract/connection_pool.rb:364:in `connection'
activerecord (5.0.0.1) lib/active_record/connection_adapters/abstract/connection_pool.rb:875:in `retrieve_connection'
activerecord (5.0.0.1) lib/active_record/connection_handling.rb:128:in `retrieve_connection'
activerecord (5.0.0.1) lib/active_record/connection_handling.rb:91:in `connection'
activerecord (5.0.0.1) lib/active_record/migration.rb:558:in `connection'
activerecord (5.0.0.1) lib/active_record/migration.rb:545:in `call'
actionpack (5.0.0.1) lib/action_dispatch/middleware/callbacks.rb:38:in `block in call'
activesupport (5.0.0.1) lib/active_support/callbacks.rb:97:in `__run_callbacks__'
activesupport (5.0.0.1) lib/active_support/callbacks.rb:750:in `_run_call_callbacks'
activesupport (5.0.0.1) lib/active_support/callbacks.rb:90:in `run_callbacks'
actionpack (5.0.0.1) lib/action_dispatch/middleware/callbacks.rb:36:in `call'
actionpack (5.0.0.1) lib/action_dispatch/middleware/executor.rb:12:in `call'
actionpack (5.0.0.1) lib/action_dispatch/middleware/remote_ip.rb:79:in `call'
actionpack (5.0.0.1) lib/action_dispatch/middleware/debug_exceptions.rb:49:in `call'
web-console (3.3.1) lib/web_console/middleware.rb:131:in `call_app'
web-console (3.3.1) lib/web_console/middleware.rb:28:in `block in call'
web-console (3.3.1) lib/web_console/middleware.rb:18:in `catch'
web-console (3.3.1) lib/web_console/middleware.rb:18:in `call'
actionpack (5.0.0.1) lib/action_dispatch/middleware/show_exceptions.rb:31:in `call'
railties (5.0.0.1) lib/rails/rack/logger.rb:36:in `call_app'
railties (5.0.0.1) lib/rails/rack/logger.rb:24:in `block in call'
activesupport (5.0.0.1) lib/active_support/tagged_logging.rb:70:in `block in tagged'
activesupport (5.0.0.1) lib/active_support/tagged_logging.rb:26:in `tagged'
activesupport (5.0.0.1) lib/active_support/tagged_logging.rb:70:in `tagged'
railties (5.0.0.1) lib/rails/rack/logger.rb:24:in `call'
sprockets-rails (3.2.0) lib/sprockets/rails/quiet_assets.rb:13:in `call'
actionpack (5.0.0.1) lib/action_dispatch/middleware/request_id.rb:24:in `call'
rack (2.0.1) lib/rack/method_override.rb:22:in `call'
rack (2.0.1) lib/rack/runtime.rb:22:in `call'
activesupport (5.0.0.1) lib/active_support/cache/strategy/local_cache_middleware.rb:28:in `call'
actionpack (5.0.0.1) lib/action_dispatch/middleware/executor.rb:12:in `call'
actionpack (5.0.0.1) lib/action_dispatch/middleware/static.rb:136:in `call'
rack (2.0.1) lib/rack/sendfile.rb:111:in `call'
railties (5.0.0.1) lib/rails/engine.rb:522:in `call'
puma (3.6.0) lib/puma/configuration.rb:225:in `call'
puma (3.6.0) lib/puma/server.rb:578:in `handle_request'
puma (3.6.0) lib/puma/server.rb:415:in `process_client'
puma (3.6.0) lib/puma/server.rb:275:in `block in run'
puma (3.6.0) lib/puma/thread_pool.rb:116:in `block in spawn_thread'
  Rendering /Users/cews7/.rvm/gems/ruby-2.3.0/gems/actionpack-5.0.0.1/lib/action_dispatch/middleware/templates/rescues/diagnostics.html.erb within rescues/layout
  Rendering /Users/cews7/.rvm/gems/ruby-2.3.0/gems/actionpack-5.0.0.1/lib/action_dispatch/middleware/templates/rescues/_source.html.erb
  Rendered /Users/cews7/.rvm/gems/ruby-2.3.0/gems/actionpack-5.0.0.1/lib/action_dispatch/middleware/templates/rescues/_source.html.erb (2.6ms)
  Rendering /Users/cews7/.rvm/gems/ruby-2.3.0/gems/actionpack-5.0.0.1/lib/action_dispatch/middleware/templates/rescues/_trace.html.erb
  Rendered /Users/cews7/.rvm/gems/ruby-2.3.0/gems/actionpack-5.0.0.1/lib/action_dispatch/middleware/templates/rescues/_trace.html.erb (1.7ms)
  Rendering /Users/cews7/.rvm/gems/ruby-2.3.0/gems/actionpack-5.0.0.1/lib/action_dispatch/middleware/templates/rescues/_request_and_response.html.erb
  Rendered /Users/cews7/.rvm/gems/ruby-2.3.0/gems/actionpack-5.0.0.1/lib/action_dispatch/middleware/templates/rescues/_request_and_response.html.erb (1.1ms)
  Rendered /Users/cews7/.rvm/gems/ruby-2.3.0/gems/actionpack-5.0.0.1/lib/action_dispatch/middleware/templates/rescues/diagnostics.html.erb within rescues/layout (96.9ms)
  [1m[35m (64.1ms)[0m  [1m[35mCREATE TABLE "schema_migrations" ("version" character varying PRIMARY KEY)[0m
  [1m[35m (10.2ms)[0m  [1m[35mCREATE TABLE "ar_internal_metadata" ("key" character varying PRIMARY KEY, "value" character varying, "created_at" timestamp NOT NULL, "updated_at" timestamp NOT NULL)[0m
  [1m[35m (0.5ms)[0m  [1m[34mSELECT pg_try_advisory_lock(1202216907416120400);[0m
  [1m[36mActiveRecord::SchemaMigration Load (0.8ms)[0m  [1m[34mSELECT "schema_migrations".* FROM "schema_migrations"[0m
Migrating to CreateUnits (20160921034017)
  [1m[35m (0.3ms)[0m  [1m[35mBEGIN[0m
  [1m[35m (18.8ms)[0m  [1m[35mCREATE TABLE "units" ("id" serial primary key, "name" character varying, "created_at" timestamp NOT NULL, "updated_at" timestamp NOT NULL)[0m
  [1m[35mSQL (3.4ms)[0m  [1m[32mINSERT INTO "schema_migrations" ("version") VALUES ($1) RETURNING "version"[0m  [["version", "20160921034017"]]
  [1m[35m (2.9ms)[0m  [1m[35mCOMMIT[0m
Migrating to CreateRenters (20160921035410)
  [1m[35m (0.5ms)[0m  [1m[35mBEGIN[0m
  [1m[35m (14.9ms)[0m  [1m[35mCREATE TABLE "renters" ("id" serial primary key, "first_name" character varying, "last_name" character varying, "created_at" timestamp NOT NULL, "updated_at" timestamp NOT NULL)[0m
  [1m[35mSQL (0.4ms)[0m  [1m[32mINSERT INTO "schema_migrations" ("version") VALUES ($1) RETURNING "version"[0m  [["version", "20160921035410"]]
  [1m[35m (2.4ms)[0m  [1m[35mCOMMIT[0m
Migrating to AddUnitToRenter (20160921040825)
  [1m[35m (0.5ms)[0m  [1m[35mBEGIN[0m
  [1m[35m (3.4ms)[0m  [1m[35mALTER TABLE "renters" ADD "unit_id" integer[0m
  [1m[35m (3.2ms)[0m  [1m[35mCREATE  INDEX  "index_renters_on_unit_id" ON "renters"  ("unit_id")[0m
  [1m[35m (12.2ms)[0m  [1m[35mALTER TABLE "renters" ADD CONSTRAINT "fk_rails_fa584f0808"
FOREIGN KEY ("unit_id")
  REFERENCES "units" ("id")
[0m
  [1m[35mSQL (0.5ms)[0m  [1m[32mINSERT INTO "schema_migrations" ("version") VALUES ($1) RETURNING "version"[0m  [["version", "20160921040825"]]
  [1m[35m (5.3ms)[0m  [1m[35mCOMMIT[0m
Migrating to CreateOwners (20160921042201)
  [1m[35m (0.6ms)[0m  [1m[35mBEGIN[0m
  [1m[35m (12.2ms)[0m  [1m[35mCREATE TABLE "owners" ("id" serial primary key, "first_name" character varying, "last_name" character varying, "created_at" timestamp NOT NULL, "updated_at" timestamp NOT NULL)[0m
  [1m[35mSQL (0.3ms)[0m  [1m[32mINSERT INTO "schema_migrations" ("version") VALUES ($1) RETURNING "version"[0m  [["version", "20160921042201"]]
  [1m[35m (2.4ms)[0m  [1m[35mCOMMIT[0m
Migrating to AddOwnerToUnit (20160921042331)
  [1m[35m (0.5ms)[0m  [1m[35mBEGIN[0m
  [1m[35m (0.8ms)[0m  [1m[35mALTER TABLE "units" ADD "owner_id" integer[0m
  [1m[35m (3.6ms)[0m  [1m[35mCREATE  INDEX  "index_units_on_owner_id" ON "units"  ("owner_id")[0m
  [1m[35m (3.2ms)[0m  [1m[35mALTER TABLE "units" ADD CONSTRAINT "fk_rails_53e6dbc0ba"
FOREIGN KEY ("owner_id")
  REFERENCES "owners" ("id")
[0m
  [1m[35mSQL (0.4ms)[0m  [1m[32mINSERT INTO "schema_migrations" ("version") VALUES ($1) RETURNING "version"[0m  [["version", "20160921042331"]]
  [1m[35m (2.2ms)[0m  [1m[35mCOMMIT[0m
  [1m[36mActiveRecord::InternalMetadata Load (0.5ms)[0m  [1m[34mSELECT  "ar_internal_metadata".* FROM "ar_internal_metadata" WHERE "ar_internal_metadata"."key" = $1 LIMIT $2[0m  [["key", :environment], ["LIMIT", 1]]
  [1m[35m (0.2ms)[0m  [1m[35mBEGIN[0m
  [1m[35mSQL (3.0ms)[0m  [1m[32mINSERT INTO "ar_internal_metadata" ("key", "value", "created_at", "updated_at") VALUES ($1, $2, $3, $4) RETURNING "key"[0m  [["key", "environment"], ["value", "development"], ["created_at", 2017-01-14 23:34:02 UTC], ["updated_at", 2017-01-14 23:34:02 UTC]]
  [1m[35m (2.5ms)[0m  [1m[35mCOMMIT[0m
  [1m[35m (0.4ms)[0m  [1m[34mSELECT pg_advisory_unlock(1202216907416120400)[0m
  [1m[36mActiveRecord::SchemaMigration Load (2.5ms)[0m  [1m[34mSELECT "schema_migrations".* FROM "schema_migrations"[0m
  [1m[35m (7.1ms)[0m  [1m[34mSELECT t2.oid::regclass::text AS to_table, a1.attname AS column, a2.attname AS primary_key, c.conname AS name, c.confupdtype AS on_update, c.confdeltype AS on_delete
FROM pg_constraint c
JOIN pg_class t1 ON c.conrelid = t1.oid
JOIN pg_class t2 ON c.confrelid = t2.oid
JOIN pg_attribute a1 ON a1.attnum = c.conkey[1] AND a1.attrelid = t1.oid
JOIN pg_attribute a2 ON a2.attnum = c.confkey[1] AND a2.attrelid = t2.oid
JOIN pg_namespace t3 ON c.connamespace = t3.oid
WHERE c.contype = 'f'
  AND t1.relname = 'owners'
  AND t3.nspname = ANY (current_schemas(false))
ORDER BY c.conname
[0m
  [1m[35m (3.9ms)[0m  [1m[34mSELECT t2.oid::regclass::text AS to_table, a1.attname AS column, a2.attname AS primary_key, c.conname AS name, c.confupdtype AS on_update, c.confdeltype AS on_delete
FROM pg_constraint c
JOIN pg_class t1 ON c.conrelid = t1.oid
JOIN pg_class t2 ON c.confrelid = t2.oid
JOIN pg_attribute a1 ON a1.attnum = c.conkey[1] AND a1.attrelid = t1.oid
JOIN pg_attribute a2 ON a2.attnum = c.confkey[1] AND a2.attrelid = t2.oid
JOIN pg_namespace t3 ON c.connamespace = t3.oid
WHERE c.contype = 'f'
  AND t1.relname = 'renters'
  AND t3.nspname = ANY (current_schemas(false))
ORDER BY c.conname
[0m
  [1m[35m (3.5ms)[0m  [1m[34mSELECT t2.oid::regclass::text AS to_table, a1.attname AS column, a2.attname AS primary_key, c.conname AS name, c.confupdtype AS on_update, c.confdeltype AS on_delete
FROM pg_constraint c
JOIN pg_class t1 ON c.conrelid = t1.oid
JOIN pg_class t2 ON c.confrelid = t2.oid
JOIN pg_attribute a1 ON a1.attnum = c.conkey[1] AND a1.attrelid = t1.oid
JOIN pg_attribute a2 ON a2.attnum = c.confkey[1] AND a2.attrelid = t2.oid
JOIN pg_namespace t3 ON c.connamespace = t3.oid
WHERE c.contype = 'f'
  AND t1.relname = 'units'
  AND t3.nspname = ANY (current_schemas(false))
ORDER BY c.conname
[0m
Started GET "/renters" for ::1 at 2017-01-14 16:34:19 -0700
  [1m[36mActiveRecord::SchemaMigration Load (1.1ms)[0m  [1m[34mSELECT "schema_migrations".* FROM "schema_migrations"[0m
Processing by RentersController#index as HTML
  Rendering renters/index.html.erb within layouts/application
  [1m[36mRenter Load (1.2ms)[0m  [1m[34mSELECT "renters".* FROM "renters"[0m
  Rendered renters/index.html.erb within layouts/application (9.6ms)
Completed 200 OK in 550ms (Views: 530.1ms | ActiveRecord: 3.1ms)


Started GET "/unit" for ::1 at 2017-01-14 16:34:25 -0700
  
ActionController::RoutingError (No route matches [GET] "/unit"):
  
actionpack (5.0.0.1) lib/action_dispatch/middleware/debug_exceptions.rb:53:in `call'
web-console (3.3.1) lib/web_console/middleware.rb:131:in `call_app'
web-console (3.3.1) lib/web_console/middleware.rb:28:in `block in call'
web-console (3.3.1) lib/web_console/middleware.rb:18:in `catch'
web-console (3.3.1) lib/web_console/middleware.rb:18:in `call'
actionpack (5.0.0.1) lib/action_dispatch/middleware/show_exceptions.rb:31:in `call'
railties (5.0.0.1) lib/rails/rack/logger.rb:36:in `call_app'
railties (5.0.0.1) lib/rails/rack/logger.rb:24:in `block in call'
activesupport (5.0.0.1) lib/active_support/tagged_logging.rb:70:in `block in tagged'
activesupport (5.0.0.1) lib/active_support/tagged_logging.rb:26:in `tagged'
activesupport (5.0.0.1) lib/active_support/tagged_logging.rb:70:in `tagged'
railties (5.0.0.1) lib/rails/rack/logger.rb:24:in `call'
sprockets-rails (3.2.0) lib/sprockets/rails/quiet_assets.rb:13:in `call'
actionpack (5.0.0.1) lib/action_dispatch/middleware/request_id.rb:24:in `call'
rack (2.0.1) lib/rack/method_override.rb:22:in `call'
rack (2.0.1) lib/rack/runtime.rb:22:in `call'
activesupport (5.0.0.1) lib/active_support/cache/strategy/local_cache_middleware.rb:28:in `call'
actionpack (5.0.0.1) lib/action_dispatch/middleware/executor.rb:12:in `call'
actionpack (5.0.0.1) lib/action_dispatch/middleware/static.rb:136:in `call'
rack (2.0.1) lib/rack/sendfile.rb:111:in `call'
railties (5.0.0.1) lib/rails/engine.rb:522:in `call'
puma (3.6.0) lib/puma/configuration.rb:225:in `call'
puma (3.6.0) lib/puma/server.rb:578:in `handle_request'
puma (3.6.0) lib/puma/server.rb:415:in `process_client'
puma (3.6.0) lib/puma/server.rb:275:in `block in run'
puma (3.6.0) lib/puma/thread_pool.rb:116:in `block in spawn_thread'
  Rendering /Users/cews7/.rvm/gems/ruby-2.3.0/gems/actionpack-5.0.0.1/lib/action_dispatch/middleware/templates/rescues/routing_error.html.erb within rescues/layout
  Rendering /Users/cews7/.rvm/gems/ruby-2.3.0/gems/actionpack-5.0.0.1/lib/action_dispatch/middleware/templates/rescues/_trace.html.erb
  Rendered /Users/cews7/.rvm/gems/ruby-2.3.0/gems/actionpack-5.0.0.1/lib/action_dispatch/middleware/templates/rescues/_trace.html.erb (1.6ms)
  Rendered collection of /Users/cews7/.rvm/gems/ruby-2.3.0/gems/actionpack-5.0.0.1/lib/action_dispatch/middleware/templates/routes/_route.html.erb [3 times] (12.2ms)
  Rendered /Users/cews7/.rvm/gems/ruby-2.3.0/gems/actionpack-5.0.0.1/lib/action_dispatch/middleware/templates/routes/_table.html.erb (27.6ms)
  Rendering /Users/cews7/.rvm/gems/ruby-2.3.0/gems/actionpack-5.0.0.1/lib/action_dispatch/middleware/templates/rescues/_request_and_response.html.erb
  Rendered /Users/cews7/.rvm/gems/ruby-2.3.0/gems/actionpack-5.0.0.1/lib/action_dispatch/middleware/templates/rescues/_request_and_response.html.erb (4.8ms)
  Rendered /Users/cews7/.rvm/gems/ruby-2.3.0/gems/actionpack-5.0.0.1/lib/action_dispatch/middleware/templates/rescues/routing_error.html.erb within rescues/layout (148.9ms)
Started GET "/units" for ::1 at 2017-01-14 16:34:28 -0700
Processing by UnitsController#index as HTML
  Rendering units/index.html.erb within layouts/application
  [1m[36mUnit Load (0.7ms)[0m  [1m[34mSELECT "units".* FROM "units"[0m
  Rendered units/index.html.erb within layouts/application (4.2ms)
Completed 200 OK in 53ms (Views: 35.6ms | ActiveRecord: 2.0ms)


  [1m[35m (0.6ms)[0m  [1m[34mSELECT pg_try_advisory_lock(1202216907416120400);[0m
  [1m[36mActiveRecord::SchemaMigration Load (1.0ms)[0m  [1m[34mSELECT "schema_migrations".* FROM "schema_migrations"[0m
Migrating to AddSquareFootageToUnits (20170114235454)
  [1m[35m (0.4ms)[0m  [1m[35mBEGIN[0m
  [1m[35m (8.6ms)[0m  [1m[35mALTER TABLE "units" ADD "square_footage" integer[0m
  [1m[35mSQL (3.1ms)[0m  [1m[32mINSERT INTO "schema_migrations" ("version") VALUES ($1) RETURNING "version"[0m  [["version", "20170114235454"]]
  [1m[35m (3.3ms)[0m  [1m[35mCOMMIT[0m
Migrating to AddMonthlyRentToUnits (20170114235621)
  [1m[35m (0.3ms)[0m  [1m[35mBEGIN[0m
  [1m[35m (0.8ms)[0m  [1m[35mALTER TABLE "units" ADD "monthly_rent" integer[0m
  [1m[35mSQL (0.6ms)[0m  [1m[32mINSERT INTO "schema_migrations" ("version") VALUES ($1) RETURNING "version"[0m  [["version", "20170114235621"]]
  [1m[35m (2.7ms)[0m  [1m[35mCOMMIT[0m
Migrating to AddCostPerSquareFootToUnits (20170114235701)
  [1m[35m (0.3ms)[0m  [1m[35mBEGIN[0m
  [1m[35m (0.7ms)[0m  [1m[35mALTER TABLE "units" ADD "cost_per_square_foot" integer[0m
  [1m[35mSQL (0.4ms)[0m  [1m[32mINSERT INTO "schema_migrations" ("version") VALUES ($1) RETURNING "version"[0m  [["version", "20170114235701"]]
  [1m[35m (2.1ms)[0m  [1m[35mCOMMIT[0m
  [1m[36mActiveRecord::InternalMetadata Load (2.9ms)[0m  [1m[34mSELECT  "ar_internal_metadata".* FROM "ar_internal_metadata" WHERE "ar_internal_metadata"."key" = $1 LIMIT $2[0m  [["key", :environment], ["LIMIT", 1]]
  [1m[35m (0.2ms)[0m  [1m[35mBEGIN[0m
  [1m[35m (0.2ms)[0m  [1m[35mCOMMIT[0m
  [1m[35m (0.3ms)[0m  [1m[34mSELECT pg_advisory_unlock(1202216907416120400)[0m
  [1m[36mActiveRecord::SchemaMigration Load (0.5ms)[0m  [1m[34mSELECT "schema_migrations".* FROM "schema_migrations"[0m
  [1m[35m (7.2ms)[0m  [1m[34mSELECT t2.oid::regclass::text AS to_table, a1.attname AS column, a2.attname AS primary_key, c.conname AS name, c.confupdtype AS on_update, c.confdeltype AS on_delete
FROM pg_constraint c
JOIN pg_class t1 ON c.conrelid = t1.oid
JOIN pg_class t2 ON c.confrelid = t2.oid
JOIN pg_attribute a1 ON a1.attnum = c.conkey[1] AND a1.attrelid = t1.oid
JOIN pg_attribute a2 ON a2.attnum = c.confkey[1] AND a2.attrelid = t2.oid
JOIN pg_namespace t3 ON c.connamespace = t3.oid
WHERE c.contype = 'f'
  AND t1.relname = 'owners'
  AND t3.nspname = ANY (current_schemas(false))
ORDER BY c.conname
[0m
  [1m[35m (4.2ms)[0m  [1m[34mSELECT t2.oid::regclass::text AS to_table, a1.attname AS column, a2.attname AS primary_key, c.conname AS name, c.confupdtype AS on_update, c.confdeltype AS on_delete
FROM pg_constraint c
JOIN pg_class t1 ON c.conrelid = t1.oid
JOIN pg_class t2 ON c.confrelid = t2.oid
JOIN pg_attribute a1 ON a1.attnum = c.conkey[1] AND a1.attrelid = t1.oid
JOIN pg_attribute a2 ON a2.attnum = c.confkey[1] AND a2.attrelid = t2.oid
JOIN pg_namespace t3 ON c.connamespace = t3.oid
WHERE c.contype = 'f'
  AND t1.relname = 'renters'
  AND t3.nspname = ANY (current_schemas(false))
ORDER BY c.conname
[0m
  [1m[35m (3.6ms)[0m  [1m[34mSELECT t2.oid::regclass::text AS to_table, a1.attname AS column, a2.attname AS primary_key, c.conname AS name, c.confupdtype AS on_update, c.confdeltype AS on_delete
FROM pg_constraint c
JOIN pg_class t1 ON c.conrelid = t1.oid
JOIN pg_class t2 ON c.confrelid = t2.oid
JOIN pg_attribute a1 ON a1.attnum = c.conkey[1] AND a1.attrelid = t1.oid
JOIN pg_attribute a2 ON a2.attnum = c.confkey[1] AND a2.attrelid = t2.oid
JOIN pg_namespace t3 ON c.connamespace = t3.oid
WHERE c.contype = 'f'
  AND t1.relname = 'units'
  AND t3.nspname = ANY (current_schemas(false))
ORDER BY c.conname
[0m
  [1m[35m (0.2ms)[0m  [1m[35mBEGIN[0m
  [1m[35m (0.3ms)[0m  [1m[31mROLLBACK[0m
  [1m[35m (0.3ms)[0m  [1m[35mBEGIN[0m
  [1m[35m (0.3ms)[0m  [1m[31mROLLBACK[0m
  [1m[36mUnit Load (14.1ms)[0m  [1m[34mSELECT "units".* FROM "units"[0m
  [1m[35m (0.2ms)[0m  [1m[35mBEGIN[0m
  [1m[35mSQL (7.5ms)[0m  [1m[32mINSERT INTO "units" ("name", "created_at", "updated_at", "square_footage", "monthly_rent", "cost_per_square_foot") VALUES ($1, $2, $3, $4, $5, $6) RETURNING "id"[0m  [["name", "1a"], ["created_at", 2017-01-16 16:52:35 UTC], ["updated_at", 2017-01-16 16:52:35 UTC], ["square_footage", 10], ["monthly_rent", 1000], ["cost_per_square_foot", 100]]
  [1m[35m (2.9ms)[0m  [1m[35mCOMMIT[0m
  [1m[35m (7.0ms)[0m  [1m[34mSELECT AVG("units"."cost_per_square_foot") FROM "units"[0m
  [1m[35m (0.7ms)[0m  [1m[34mSELECT AVG("units"."cost_per_square_foot") FROM "units"[0m
  [1m[35m (0.2ms)[0m  [1m[35mBEGIN[0m
  [1m[35mSQL (0.7ms)[0m  [1m[32mINSERT INTO "units" ("name", "created_at", "updated_at", "square_footage", "monthly_rent", "cost_per_square_foot") VALUES ($1, $2, $3, $4, $5, $6) RETURNING "id"[0m  [["name", "2a"], ["created_at", 2017-01-16 16:53:51 UTC], ["updated_at", 2017-01-16 16:53:51 UTC], ["square_footage", 10], ["monthly_rent", 1000], ["cost_per_square_foot", 200]]
  [1m[35m (2.4ms)[0m  [1m[35mCOMMIT[0m
  [1m[36mUnit Load (0.6ms)[0m  [1m[34mSELECT "units".* FROM "units"[0m
  [1m[35m (0.8ms)[0m  [1m[34mSELECT AVG("units"."cost_per_square_foot") FROM "units"[0m
  [1m[35m (0.7ms)[0m  [1m[34mSELECT AVG("units"."cost_per_square_foot") FROM "units"[0m
  [1m[36mRenter Load (7.4ms)[0m  [1m[34mSELECT "renters".* FROM "renters"[0m
  [1m[35m (0.2ms)[0m  [1m[35mBEGIN[0m
  [1m[35m (0.3ms)[0m  [1m[31mROLLBACK[0m
  [1m[35m (0.2ms)[0m  [1m[35mBEGIN[0m
  [1m[35mSQL (1.3ms)[0m  [1m[32mINSERT INTO "units" ("name", "created_at", "updated_at", "square_footage", "monthly_rent", "cost_per_square_foot") VALUES ($1, $2, $3, $4, $5, $6) RETURNING "id"[0m  [["name", "1a"], ["created_at", 2017-01-16 22:52:37 UTC], ["updated_at", 2017-01-16 22:52:37 UTC], ["square_footage", 10], ["monthly_rent", 1000], ["cost_per_square_foot", 100]]
  [1m[35mSQL (3.7ms)[0m  [1m[32mINSERT INTO "renters" ("first_name", "last_name", "created_at", "updated_at", "unit_id") VALUES ($1, $2, $3, $4, $5) RETURNING "id"[0m  [["first_name", "Jake"], ["last_name", "Jones"], ["created_at", 2017-01-16 22:52:37 UTC], ["updated_at", 2017-01-16 22:52:37 UTC], ["unit_id", 3]]
  [1m[35m (2.6ms)[0m  [1m[35mCOMMIT[0m
  [1m[36mRenter Load (0.6ms)[0m  [1m[34mSELECT "renters".* FROM "renters"[0m
  [1m[35m (0.3ms)[0m  [1m[35mBEGIN[0m
  [1m[35m (0.3ms)[0m  [1m[31mROLLBACK[0m
  [1m[35m (0.2ms)[0m  [1m[35mBEGIN[0m
  [1m[35mSQL (0.6ms)[0m  [1m[32mINSERT INTO "units" ("name", "created_at", "updated_at", "square_footage", "monthly_rent", "cost_per_square_foot") VALUES ($1, $2, $3, $4, $5, $6) RETURNING "id"[0m  [["name", "1b"], ["created_at", 2017-01-16 22:53:15 UTC], ["updated_at", 2017-01-16 22:53:15 UTC], ["square_footage", 20], ["monthly_rent", 1000], ["cost_per_square_foot", 50]]
  [1m[35mSQL (0.6ms)[0m  [1m[32mINSERT INTO "renters" ("first_name", "last_name", "created_at", "updated_at", "unit_id") VALUES ($1, $2, $3, $4, $5) RETURNING "id"[0m  [["first_name", "Adam"], ["last_name", "Arroyo"], ["created_at", 2017-01-16 22:53:15 UTC], ["updated_at", 2017-01-16 22:53:15 UTC], ["unit_id", 4]]
  [1m[35m (2.3ms)[0m  [1m[35mCOMMIT[0m
  [1m[36mRenter Load (0.5ms)[0m  [1m[34mSELECT "renters".* FROM "renters"[0m
  [1m[36mRenter Load (0.5ms)[0m  [1m[34mSELECT  "renters".* FROM "renters" ORDER BY "renters"."id" ASC LIMIT $1[0m  [["LIMIT", 1]]
  [1m[36mUnit Load (0.6ms)[0m  [1m[34mSELECT  "units".* FROM "units" WHERE "units"."id" = $1 LIMIT $2[0m  [["id", 3], ["LIMIT", 1]]
  [1m[36mRenter Load (0.5ms)[0m  [1m[34mSELECT "renters".* FROM "renters"[0m
  [1m[36mRenter Load (0.7ms)[0m  [1m[34mSELECT "renters".* FROM "renters"[0m
  [1m[36mRenter Load (0.5ms)[0m  [1m[34mSELECT "renters".* FROM "renters"[0m
  [1m[36mRenter Load (0.5ms)[0m  [1m[34mSELECT "renters".* FROM "renters"[0m
  [1m[36mUnit Load (0.6ms)[0m  [1m[34mSELECT  "units".* FROM "units" WHERE "units"."id" = $1 LIMIT $2[0m  [["id", 3], ["LIMIT", 1]]
  [1m[36mUnit Load (0.4ms)[0m  [1m[34mSELECT  "units".* FROM "units" WHERE "units"."id" = $1 LIMIT $2[0m  [["id", 4], ["LIMIT", 1]]
  [1m[36mRenter Load (0.7ms)[0m  [1m[34mSELECT "renters".* FROM "renters"[0m
  [1m[36mUnit Load (0.6ms)[0m  [1m[34mSELECT  "units".* FROM "units" WHERE "units"."id" = $1 LIMIT $2[0m  [["id", 3], ["LIMIT", 1]]
  [1m[36mUnit Load (0.6ms)[0m  [1m[34mSELECT  "units".* FROM "units" WHERE "units"."id" = $1 LIMIT $2[0m  [["id", 4], ["LIMIT", 1]]
  [1m[36mRenter Load (0.7ms)[0m  [1m[34mSELECT "renters".* FROM "renters"[0m
  [1m[36mUnit Load (0.4ms)[0m  [1m[34mSELECT  "units".* FROM "units" WHERE "units"."id" = $1 LIMIT $2[0m  [["id", 3], ["LIMIT", 1]]
  [1m[36mUnit Load (0.3ms)[0m  [1m[34mSELECT  "units".* FROM "units" WHERE "units"."id" = $1 LIMIT $2[0m  [["id", 4], ["LIMIT", 1]]
  [1m[35m (4.3ms)[0m  [1m[34mSELECT pg_try_advisory_lock(1202216907416120400);[0m
  [1m[36mActiveRecord::SchemaMigration Load (3.8ms)[0m  [1m[34mSELECT "schema_migrations".* FROM "schema_migrations"[0m
Migrating to RemoveColumn (20170116230432)
  [1m[35m (0.3ms)[0m  [1m[35mBEGIN[0m
  [1m[35mSQL (5.9ms)[0m  [1m[32mINSERT INTO "schema_migrations" ("version") VALUES ($1) RETURNING "version"[0m  [["version", "20170116230432"]]
  [1m[35m (3.0ms)[0m  [1m[35mCOMMIT[0m
  [1m[36mActiveRecord::InternalMetadata Load (5.0ms)[0m  [1m[34mSELECT  "ar_internal_metadata".* FROM "ar_internal_metadata" WHERE "ar_internal_metadata"."key" = $1 LIMIT $2[0m  [["key", :environment], ["LIMIT", 1]]
  [1m[35m (0.3ms)[0m  [1m[35mBEGIN[0m
  [1m[35m (0.2ms)[0m  [1m[35mCOMMIT[0m
  [1m[35m (0.4ms)[0m  [1m[34mSELECT pg_advisory_unlock(1202216907416120400)[0m
  [1m[36mActiveRecord::SchemaMigration Load (0.3ms)[0m  [1m[34mSELECT "schema_migrations".* FROM "schema_migrations"[0m
  [1m[35m (10.3ms)[0m  [1m[34mSELECT t2.oid::regclass::text AS to_table, a1.attname AS column, a2.attname AS primary_key, c.conname AS name, c.confupdtype AS on_update, c.confdeltype AS on_delete
FROM pg_constraint c
JOIN pg_class t1 ON c.conrelid = t1.oid
JOIN pg_class t2 ON c.confrelid = t2.oid
JOIN pg_attribute a1 ON a1.attnum = c.conkey[1] AND a1.attrelid = t1.oid
JOIN pg_attribute a2 ON a2.attnum = c.confkey[1] AND a2.attrelid = t2.oid
JOIN pg_namespace t3 ON c.connamespace = t3.oid
WHERE c.contype = 'f'
  AND t1.relname = 'owners'
  AND t3.nspname = ANY (current_schemas(false))
ORDER BY c.conname
[0m
  [1m[35m (7.7ms)[0m  [1m[34mSELECT t2.oid::regclass::text AS to_table, a1.attname AS column, a2.attname AS primary_key, c.conname AS name, c.confupdtype AS on_update, c.confdeltype AS on_delete
FROM pg_constraint c
JOIN pg_class t1 ON c.conrelid = t1.oid
JOIN pg_class t2 ON c.confrelid = t2.oid
JOIN pg_attribute a1 ON a1.attnum = c.conkey[1] AND a1.attrelid = t1.oid
JOIN pg_attribute a2 ON a2.attnum = c.confkey[1] AND a2.attrelid = t2.oid
JOIN pg_namespace t3 ON c.connamespace = t3.oid
WHERE c.contype = 'f'
  AND t1.relname = 'renters'
  AND t3.nspname = ANY (current_schemas(false))
ORDER BY c.conname
[0m
  [1m[35m (5.7ms)[0m  [1m[34mSELECT t2.oid::regclass::text AS to_table, a1.attname AS column, a2.attname AS primary_key, c.conname AS name, c.confupdtype AS on_update, c.confdeltype AS on_delete
FROM pg_constraint c
JOIN pg_class t1 ON c.conrelid = t1.oid
JOIN pg_class t2 ON c.confrelid = t2.oid
JOIN pg_attribute a1 ON a1.attnum = c.conkey[1] AND a1.attrelid = t1.oid
JOIN pg_attribute a2 ON a2.attnum = c.confkey[1] AND a2.attrelid = t2.oid
JOIN pg_namespace t3 ON c.connamespace = t3.oid
WHERE c.contype = 'f'
  AND t1.relname = 'units'
  AND t3.nspname = ANY (current_schemas(false))
ORDER BY c.conname
[0m
  [1m[35m (0.5ms)[0m  [1m[34mSELECT pg_try_advisory_lock(1202216907416120400);[0m
  [1m[36mActiveRecord::SchemaMigration Load (1.1ms)[0m  [1m[34mSELECT "schema_migrations".* FROM "schema_migrations"[0m
Migrating to RemoveCostPerSquareFootFromUnits (20170116230743)
  [1m[35m (0.3ms)[0m  [1m[35mBEGIN[0m
  [1m[35m (40.6ms)[0m  [1m[35mALTER TABLE "units" DROP "cost_per_square_foot"[0m
  [1m[35mSQL (2.5ms)[0m  [1m[32mINSERT INTO "schema_migrations" ("version") VALUES ($1) RETURNING "version"[0m  [["version", "20170116230743"]]
  [1m[35m (2.9ms)[0m  [1m[35mCOMMIT[0m
  [1m[36mActiveRecord::InternalMetadata Load (0.4ms)[0m  [1m[34mSELECT  "ar_internal_metadata".* FROM "ar_internal_metadata" WHERE "ar_internal_metadata"."key" = $1 LIMIT $2[0m  [["key", :environment], ["LIMIT", 1]]
  [1m[35m (0.4ms)[0m  [1m[35mBEGIN[0m
  [1m[35m (0.1ms)[0m  [1m[35mCOMMIT[0m
  [1m[35m (0.3ms)[0m  [1m[34mSELECT pg_advisory_unlock(1202216907416120400)[0m
  [1m[36mActiveRecord::SchemaMigration Load (0.4ms)[0m  [1m[34mSELECT "schema_migrations".* FROM "schema_migrations"[0m
  [1m[35m (5.0ms)[0m  [1m[34mSELECT t2.oid::regclass::text AS to_table, a1.attname AS column, a2.attname AS primary_key, c.conname AS name, c.confupdtype AS on_update, c.confdeltype AS on_delete
FROM pg_constraint c
JOIN pg_class t1 ON c.conrelid = t1.oid
JOIN pg_class t2 ON c.confrelid = t2.oid
JOIN pg_attribute a1 ON a1.attnum = c.conkey[1] AND a1.attrelid = t1.oid
JOIN pg_attribute a2 ON a2.attnum = c.confkey[1] AND a2.attrelid = t2.oid
JOIN pg_namespace t3 ON c.connamespace = t3.oid
WHERE c.contype = 'f'
  AND t1.relname = 'owners'
  AND t3.nspname = ANY (current_schemas(false))
ORDER BY c.conname
[0m
  [1m[35m (3.6ms)[0m  [1m[34mSELECT t2.oid::regclass::text AS to_table, a1.attname AS column, a2.attname AS primary_key, c.conname AS name, c.confupdtype AS on_update, c.confdeltype AS on_delete
FROM pg_constraint c
JOIN pg_class t1 ON c.conrelid = t1.oid
JOIN pg_class t2 ON c.confrelid = t2.oid
JOIN pg_attribute a1 ON a1.attnum = c.conkey[1] AND a1.attrelid = t1.oid
JOIN pg_attribute a2 ON a2.attnum = c.confkey[1] AND a2.attrelid = t2.oid
JOIN pg_namespace t3 ON c.connamespace = t3.oid
WHERE c.contype = 'f'
  AND t1.relname = 'renters'
  AND t3.nspname = ANY (current_schemas(false))
ORDER BY c.conname
[0m
  [1m[35m (4.0ms)[0m  [1m[34mSELECT t2.oid::regclass::text AS to_table, a1.attname AS column, a2.attname AS primary_key, c.conname AS name, c.confupdtype AS on_update, c.confdeltype AS on_delete
FROM pg_constraint c
JOIN pg_class t1 ON c.conrelid = t1.oid
JOIN pg_class t2 ON c.confrelid = t2.oid
JOIN pg_attribute a1 ON a1.attnum = c.conkey[1] AND a1.attrelid = t1.oid
JOIN pg_attribute a2 ON a2.attnum = c.confkey[1] AND a2.attrelid = t2.oid
JOIN pg_namespace t3 ON c.connamespace = t3.oid
WHERE c.contype = 'f'
  AND t1.relname = 'units'
  AND t3.nspname = ANY (current_schemas(false))
ORDER BY c.conname
[0m
